<?xml version="1.0" encoding="UTF-8"?>
<!-- Generated by org.testng.reporters.JUnitReportReporter -->
<testsuite hostname="DESKTOP-QJ5ACO2" failures="0" tests="2" name="com.qa.test.GetAPITest" time="1.026" errors="0" timestamp="21 Jul 2019 08:01:39 GMT" skipped="0">
  <testcase classname="com.qa.test.GetAPITest" name="getAPITestwithoutHeaders" time="0.870"/>
  <testcase classname="com.qa.test.GetAPITest" name="getAPITestwithHeaders" time="0.156"/>
</testsuite> <!-- com.qa.test.GetAPITest -->
