<?xml version="1.0" encoding="UTF-8"?>
<!-- Generated by org.testng.reporters.JUnitReportReporter -->
<testsuite hostname="DESKTOP-QJ5ACO2" failures="0" tests="1" name="com.qa.test.PostAPITest" time="1.613" errors="0" timestamp="10 Aug 2019 14:45:46 GMT" skipped="0">
  <testcase classname="com.qa.test.PostAPITest" name="postApiTest" time="1.613"/>
</testsuite> <!-- com.qa.test.PostAPITest -->
